<?xml version="1.0" encoding="UTF-8"?>
<testng-results skipped="0" failed="1" ignored="0" total="5" passed="4">
  <reporter-output>
  </reporter-output>
  <suite name="Test_Suite" duration-ms="55529" started-at="2019-11-02T09:38:04 IST" finished-at="2019-11-02T09:39:00 IST">
    <groups>
    </groups>
    <test name="Test1" duration-ms="55529" started-at="2019-11-02T09:38:04 IST" finished-at="2019-11-02T09:39:00 IST">
      <class name="com.prac.test.SearchPageTest">
        <test-method status="PASS" signature="setUp()[pri:0, instance:com.prac.test.SearchPageTest@13c27452]" name="setUp" is-config="true" duration-ms="3803" started-at="2019-11-02T09:38:21 IST" finished-at="2019-11-02T09:38:25 IST">
          <reporter-output>
          </reporter-output>
        </test-method> <!-- setUp -->
        <test-method status="PASS" signature="beforeTest(java.lang.reflect.Method)[pri:0, instance:com.prac.test.SearchPageTest@13c27452]" name="beforeTest" is-config="true" duration-ms="5344" started-at="2019-11-02T09:38:25 IST" finished-at="2019-11-02T09:38:30 IST">
          <params>
            <param index="0">
              <value>
                <![CDATA[public void com.prac.test.SearchPageTest.validateSearchPageLinks(java.util.HashMap)]]>
              </value>
            </param>
          </params>
          <reporter-output>
          </reporter-output>
        </test-method> <!-- beforeTest -->
        <test-method status="PASS" signature="validateSearchPageLinks(java.util.HashMap)[pri:0, instance:com.prac.test.SearchPageTest@13c27452]" name="validateSearchPageLinks" duration-ms="1858" started-at="2019-11-02T09:38:30 IST" data-provider="Default" finished-at="2019-11-02T09:38:32 IST">
          <params>
            <param index="0">
              <value>
                <![CDATA[{ValidationData=, InputData={
"Text":"Testing"
}}]]>
              </value>
            </param>
          </params>
          <reporter-output>
          </reporter-output>
        </test-method> <!-- validateSearchPageLinks -->
        <test-method status="PASS" signature="afterTest(java.lang.reflect.Method)[pri:0, instance:com.prac.test.SearchPageTest@13c27452]" name="afterTest" is-config="true" duration-ms="1" started-at="2019-11-02T09:38:32 IST" finished-at="2019-11-02T09:38:32 IST">
          <params>
            <param index="0">
              <value>
                <![CDATA[public void com.prac.test.SearchPageTest.validateSearchPageLinks(java.util.HashMap)]]>
              </value>
            </param>
          </params>
          <reporter-output>
          </reporter-output>
        </test-method> <!-- afterTest -->
        <test-method status="PASS" signature="beforeTest(java.lang.reflect.Method)[pri:0, instance:com.prac.test.SearchPageTest@13c27452]" name="beforeTest" is-config="true" duration-ms="4239" started-at="2019-11-02T09:38:32 IST" finished-at="2019-11-02T09:38:36 IST">
          <params>
            <param index="0">
              <value>
                <![CDATA[public void com.prac.test.SearchPageTest.validateSearchPageLinks(java.util.HashMap)]]>
              </value>
            </param>
          </params>
          <reporter-output>
          </reporter-output>
        </test-method> <!-- beforeTest -->
        <test-method status="PASS" signature="validateSearchPageLinks(java.util.HashMap)[pri:0, instance:com.prac.test.SearchPageTest@13c27452]" name="validateSearchPageLinks" duration-ms="2105" started-at="2019-11-02T09:38:36 IST" data-provider="Default" finished-at="2019-11-02T09:38:38 IST">
          <params>
            <param index="0">
              <value>
                <![CDATA[{ValidationData=, InputData={
"Text":"World"
}}]]>
              </value>
            </param>
          </params>
          <reporter-output>
          </reporter-output>
        </test-method> <!-- validateSearchPageLinks -->
        <test-method status="PASS" signature="afterTest(java.lang.reflect.Method)[pri:0, instance:com.prac.test.SearchPageTest@13c27452]" name="afterTest" is-config="true" duration-ms="2" started-at="2019-11-02T09:38:38 IST" finished-at="2019-11-02T09:38:38 IST">
          <params>
            <param index="0">
              <value>
                <![CDATA[public void com.prac.test.SearchPageTest.validateSearchPageLinks(java.util.HashMap)]]>
              </value>
            </param>
          </params>
          <reporter-output>
          </reporter-output>
        </test-method> <!-- afterTest -->
        <test-method status="PASS" signature="quitDriver()[pri:0, instance:com.prac.test.SearchPageTest@13c27452]" name="quitDriver" is-config="true" duration-ms="915" started-at="2019-11-02T09:38:38 IST" finished-at="2019-11-02T09:38:39 IST">
          <reporter-output>
          </reporter-output>
        </test-method> <!-- quitDriver -->
      </class> <!-- com.prac.test.SearchPageTest -->
      <class name="com.prac.test.FlightSearchPageTest">
        <test-method status="PASS" signature="setUp()[pri:0, instance:com.prac.test.FlightSearchPageTest@262b2c86]" name="setUp" is-config="true" duration-ms="3701" started-at="2019-11-02T09:38:39 IST" finished-at="2019-11-02T09:38:43 IST">
          <reporter-output>
          </reporter-output>
        </test-method> <!-- setUp -->
        <test-method status="PASS" signature="beforeTest(java.lang.reflect.Method)[pri:0, instance:com.prac.test.FlightSearchPageTest@262b2c86]" name="beforeTest" is-config="true" duration-ms="4710" started-at="2019-11-02T09:38:43 IST" finished-at="2019-11-02T09:38:48 IST">
          <params>
            <param index="0">
              <value>
                <![CDATA[public void com.prac.test.FlightSearchPageTest.validateFlightSearchFeature(java.util.HashMap)]]>
              </value>
            </param>
          </params>
          <reporter-output>
          </reporter-output>
        </test-method> <!-- beforeTest -->
        <test-method status="FAIL" signature="validateFlightSearchFeature(java.util.HashMap)[pri:0, instance:com.prac.test.FlightSearchPageTest@262b2c86]" name="validateFlightSearchFeature" duration-ms="10635" started-at="2019-11-02T09:38:48 IST" data-provider="Default" finished-at="2019-11-02T09:38:58 IST">
          <params>
            <param index="0">
              <value>
                <![CDATA[{ValidationData=, InputData={
"Text":"flight",
"TicketType":"One way",
"SeatingClass":"Business",
"Origin":"BOM",
"Destination":"PNQ"
}}]]>
              </value>
            </param>
          </params>
          <exception class="org.openqa.selenium.ElementClickInterceptedException">
            <message>
              <![CDATA[element click intercepted: Element <input placeholder="Where to?" data-placeholder="Where to?" data-next-placeholder="Where else?" tabindex="0" type="text" jstcache="8879" class="" aria-haspopup="false" role="combobox" aria-autocomplete="list" style="border: none; padding: 0px; margin: 0px; height: auto; width: 100%; outline: none;" dir="ltr" autocomplete="off" spellcheck="false"> is not clickable at point (674, 460). Other element would receive the click: <div class="gws-flights__glass-pane" id="flt-glass" role="presentation" tabindex="-1" jsaction="jsl._" jstcache="4100" style="display: block;"></div>
  (Session info: chrome=78.0.3904.87)
Build info: version: '3.141.59', revision: 'e82be7d358', time: '2018-11-14T08:17:03'
System info: host: 'EC2AMAZ-DNSAJIU', ip: '10.64.33.66', os.name: 'Windows Server 2016', os.arch: 'amd64', os.version: '10.0', java.version: '1.8.0_201'
Driver info: org.openqa.selenium.chrome.ChromeDriver
Capabilities {acceptInsecureCerts: false, browserName: chrome, browserVersion: 78.0.3904.87, chrome: {chromedriverVersion: 78.0.3904.70 (edb9c9f3de024..., userDataDir: D:\Users\sjain2\AppData\Loc...}, goog:chromeOptions: {debuggerAddress: localhost:52232}, javascriptEnabled: true, networkConnectionEnabled: false, pageLoadStrategy: normal, platform: XP, platformName: XP, proxy: Proxy(), setWindowRect: true, strictFileInteractability: false, timeouts: {implicit: 0, pageLoad: 300000, script: 30000}, unhandledPromptBehavior: dismiss and notify}
Session ID: fcdd603049a8a21b08aaad6a8138301d]]>
            </message>
            <full-stacktrace>
              <![CDATA[org.openqa.selenium.ElementClickInterceptedException: element click intercepted: Element <input placeholder="Where to?" data-placeholder="Where to?" data-next-placeholder="Where else?" tabindex="0" type="text" jstcache="8879" class="" aria-haspopup="false" role="combobox" aria-autocomplete="list" style="border: none; padding: 0px; margin: 0px; height: auto; width: 100%; outline: none;" dir="ltr" autocomplete="off" spellcheck="false"> is not clickable at point (674, 460). Other element would receive the click: <div class="gws-flights__glass-pane" id="flt-glass" role="presentation" tabindex="-1" jsaction="jsl._" jstcache="4100" style="display: block;"></div>
  (Session info: chrome=78.0.3904.87)
Build info: version: '3.141.59', revision: 'e82be7d358', time: '2018-11-14T08:17:03'
System info: host: 'EC2AMAZ-DNSAJIU', ip: '10.64.33.66', os.name: 'Windows Server 2016', os.arch: 'amd64', os.version: '10.0', java.version: '1.8.0_201'
Driver info: org.openqa.selenium.chrome.ChromeDriver
Capabilities {acceptInsecureCerts: false, browserName: chrome, browserVersion: 78.0.3904.87, chrome: {chromedriverVersion: 78.0.3904.70 (edb9c9f3de024..., userDataDir: D:\Users\sjain2\AppData\Loc...}, goog:chromeOptions: {debuggerAddress: localhost:52232}, javascriptEnabled: true, networkConnectionEnabled: false, pageLoadStrategy: normal, platform: XP, platformName: XP, proxy: Proxy(), setWindowRect: true, strictFileInteractability: false, timeouts: {implicit: 0, pageLoad: 300000, script: 30000}, unhandledPromptBehavior: dismiss and notify}
Session ID: fcdd603049a8a21b08aaad6a8138301d
at sun.reflect.NativeConstructorAccessorImpl.newInstance0(Native Method)
at sun.reflect.NativeConstructorAccessorImpl.newInstance(Unknown Source)
at sun.reflect.DelegatingConstructorAccessorImpl.newInstance(Unknown Source)
at java.lang.reflect.Constructor.newInstance(Unknown Source)
at org.openqa.selenium.remote.http.W3CHttpResponseCodec.createException(W3CHttpResponseCodec.java:187)
at org.openqa.selenium.remote.http.W3CHttpResponseCodec.decode(W3CHttpResponseCodec.java:122)
at org.openqa.selenium.remote.http.W3CHttpResponseCodec.decode(W3CHttpResponseCodec.java:49)
at org.openqa.selenium.remote.HttpCommandExecutor.execute(HttpCommandExecutor.java:158)
at org.openqa.selenium.remote.service.DriverCommandExecutor.execute(DriverCommandExecutor.java:83)
at org.openqa.selenium.remote.RemoteWebDriver.execute(RemoteWebDriver.java:552)
at org.openqa.selenium.remote.RemoteWebElement.execute(RemoteWebElement.java:285)
at org.openqa.selenium.remote.RemoteWebElement.click(RemoteWebElement.java:84)
at sun.reflect.NativeMethodAccessorImpl.invoke0(Native Method)
at sun.reflect.NativeMethodAccessorImpl.invoke(Unknown Source)
at sun.reflect.DelegatingMethodAccessorImpl.invoke(Unknown Source)
at java.lang.reflect.Method.invoke(Unknown Source)
at org.openqa.selenium.support.pagefactory.internal.LocatingElementHandler.invoke(LocatingElementHandler.java:51)
at com.sun.proxy.$Proxy14.click(Unknown Source)
at com.prac.utils.Actions.ActionsUtils.clearAndTypeTextField(ActionsUtils.java:36)
at com.prac.pageObjects.FlightSearchPage.enterOneWayFlightSearchDataAndSearch(FlightSearchPage.java:99)
at com.prac.test.FlightSearchPageTest.validateFlightSearchFeature(FlightSearchPageTest.java:51)
at sun.reflect.NativeMethodAccessorImpl.invoke0(Native Method)
at sun.reflect.NativeMethodAccessorImpl.invoke(Unknown Source)
at sun.reflect.DelegatingMethodAccessorImpl.invoke(Unknown Source)
at java.lang.reflect.Method.invoke(Unknown Source)
at org.testng.internal.MethodInvocationHelper.invokeMethod(MethodInvocationHelper.java:133)
at org.testng.internal.TestInvoker.invokeMethod(TestInvoker.java:584)
at org.testng.internal.TestInvoker.invokeTestMethod(TestInvoker.java:172)
at org.testng.internal.MethodRunner.runInSequence(MethodRunner.java:46)
at org.testng.internal.TestInvoker$MethodInvocationAgent.invoke(TestInvoker.java:804)
at org.testng.internal.TestInvoker.invokeTestMethods(TestInvoker.java:145)
at org.testng.internal.TestMethodWorker.invokeTestMethods(TestMethodWorker.java:146)
at org.testng.internal.TestMethodWorker.run(TestMethodWorker.java:128)
at java.util.ArrayList.forEach(Unknown Source)
at org.testng.TestRunner.privateRun(TestRunner.java:770)
at org.testng.TestRunner.run(TestRunner.java:591)
at org.testng.SuiteRunner.runTest(SuiteRunner.java:402)
at org.testng.SuiteRunner.runSequentially(SuiteRunner.java:396)
at org.testng.SuiteRunner.privateRun(SuiteRunner.java:355)
at org.testng.SuiteRunner.run(SuiteRunner.java:304)
at org.testng.SuiteRunnerWorker.runSuite(SuiteRunnerWorker.java:53)
at org.testng.SuiteRunnerWorker.run(SuiteRunnerWorker.java:96)
at org.testng.TestNG.runSuitesSequentially(TestNG.java:1180)
at org.testng.TestNG.runSuitesLocally(TestNG.java:1102)
at org.testng.TestNG.runSuites(TestNG.java:1032)
at org.testng.TestNG.run(TestNG.java:1000)
at org.testng.remote.AbstractRemoteTestNG.run(AbstractRemoteTestNG.java:115)
at org.testng.remote.RemoteTestNG.initAndRun(RemoteTestNG.java:251)
at org.testng.remote.RemoteTestNG.main(RemoteTestNG.java:77)
]]>
            </full-stacktrace>
          </exception> <!-- org.openqa.selenium.ElementClickInterceptedException -->
          <reporter-output>
          </reporter-output>
        </test-method> <!-- validateFlightSearchFeature -->
        <test-method status="PASS" signature="quitDriver()[pri:0, instance:com.prac.test.FlightSearchPageTest@262b2c86]" name="quitDriver" is-config="true" duration-ms="1061" started-at="2019-11-02T09:38:59 IST" finished-at="2019-11-02T09:39:00 IST">
          <reporter-output>
          </reporter-output>
        </test-method> <!-- quitDriver -->
        <test-method status="PASS" signature="afterTest(java.lang.reflect.Method)[pri:0, instance:com.prac.test.FlightSearchPageTest@262b2c86]" name="afterTest" is-config="true" duration-ms="0" started-at="2019-11-02T09:38:59 IST" finished-at="2019-11-02T09:38:59 IST">
          <params>
            <param index="0">
              <value>
                <![CDATA[public void com.prac.test.FlightSearchPageTest.validateFlightSearchFeature(java.util.HashMap)]]>
              </value>
            </param>
          </params>
          <reporter-output>
          </reporter-output>
        </test-method> <!-- afterTest -->
      </class> <!-- com.prac.test.FlightSearchPageTest -->
      <class name="com.prac.test.HomePageTest">
        <test-method status="PASS" signature="setUp()[pri:0, instance:com.prac.test.HomePageTest@12f41634]" name="setUp" is-config="true" duration-ms="4684" started-at="2019-11-02T09:38:04 IST" finished-at="2019-11-02T09:38:09 IST">
          <reporter-output>
          </reporter-output>
        </test-method> <!-- setUp -->
        <test-method status="PASS" signature="beforeTest(java.lang.reflect.Method)[pri:0, instance:com.prac.test.HomePageTest@12f41634]" name="beforeTest" is-config="true" duration-ms="5073" started-at="2019-11-02T09:38:10 IST" finished-at="2019-11-02T09:38:15 IST">
          <params>
            <param index="0">
              <value>
                <![CDATA[public void com.prac.test.HomePageTest.validateHomePageTitle(java.util.HashMap)]]>
              </value>
            </param>
          </params>
          <reporter-output>
          </reporter-output>
        </test-method> <!-- beforeTest -->
        <test-method status="PASS" signature="validateHomePageTitle(java.util.HashMap)[pri:0, instance:com.prac.test.HomePageTest@12f41634]" name="validateHomePageTitle" duration-ms="355" started-at="2019-11-02T09:38:15 IST" data-provider="Default" finished-at="2019-11-02T09:38:15 IST">
          <params>
            <param index="0">
              <value>
                <![CDATA[{ValidationData={
"Title":"Google"
}}]]>
              </value>
            </param>
          </params>
          <reporter-output>
          </reporter-output>
        </test-method> <!-- validateHomePageTitle -->
        <test-method status="PASS" signature="afterTest(java.lang.reflect.Method)[pri:0, instance:com.prac.test.HomePageTest@12f41634]" name="afterTest" is-config="true" duration-ms="0" started-at="2019-11-02T09:38:15 IST" finished-at="2019-11-02T09:38:15 IST">
          <params>
            <param index="0">
              <value>
                <![CDATA[public void com.prac.test.HomePageTest.validateHomePageTitle(java.util.HashMap)]]>
              </value>
            </param>
          </params>
          <reporter-output>
          </reporter-output>
        </test-method> <!-- afterTest -->
        <test-method status="PASS" signature="beforeTest(java.lang.reflect.Method)[pri:0, instance:com.prac.test.HomePageTest@12f41634]" name="beforeTest" is-config="true" duration-ms="4463" started-at="2019-11-02T09:38:15 IST" finished-at="2019-11-02T09:38:20 IST">
          <params>
            <param index="0">
              <value>
                <![CDATA[public void com.prac.test.HomePageTest.verifyTopLinksHomePage(java.util.HashMap)]]>
              </value>
            </param>
          </params>
          <reporter-output>
          </reporter-output>
        </test-method> <!-- beforeTest -->
        <test-method status="PASS" signature="verifyTopLinksHomePage(java.util.HashMap)[pri:0, instance:com.prac.test.HomePageTest@12f41634]" name="verifyTopLinksHomePage" duration-ms="421" started-at="2019-11-02T09:38:20 IST" data-provider="Default" finished-at="2019-11-02T09:38:20 IST">
          <params>
            <param index="0">
              <value>
                <![CDATA[{ValidationData=}]]>
              </value>
            </param>
          </params>
          <reporter-output>
          </reporter-output>
        </test-method> <!-- verifyTopLinksHomePage -->
        <test-method status="PASS" signature="afterTest(java.lang.reflect.Method)[pri:0, instance:com.prac.test.HomePageTest@12f41634]" name="afterTest" is-config="true" duration-ms="0" started-at="2019-11-02T09:38:20 IST" finished-at="2019-11-02T09:38:20 IST">
          <params>
            <param index="0">
              <value>
                <![CDATA[public void com.prac.test.HomePageTest.verifyTopLinksHomePage(java.util.HashMap)]]>
              </value>
            </param>
          </params>
          <reporter-output>
          </reporter-output>
        </test-method> <!-- afterTest -->
        <test-method status="PASS" signature="quitDriver()[pri:0, instance:com.prac.test.HomePageTest@12f41634]" name="quitDriver" is-config="true" duration-ms="878" started-at="2019-11-02T09:38:20 IST" finished-at="2019-11-02T09:38:21 IST">
          <reporter-output>
          </reporter-output>
        </test-method> <!-- quitDriver -->
      </class> <!-- com.prac.test.HomePageTest -->
    </test> <!-- Test1 -->
  </suite> <!-- Test_Suite -->
</testng-results>
